<?xml version="1.0" encoding="UTF-8" ?>
<testsuite tests="7" failures="1" name="TestSuite" time="54.905" errors="0" skipped="5">
  <properties>
[...]
</properties>
  <testcase classname="com.melorra.qa.tests.LoginPageTest" name="setUp" time="30.452">
    <failure message="Timeout loading page after 20000ms
Build info: version: &apos;3.13.0&apos;, revision: &apos;2f0d292&apos;, time: &apos;2018-06-25T15:24:21.231Z&apos;
System info: host: &apos;DESKTOP-PI8DOF9&apos;, ip: &apos;192.168.10.92&apos;, os.name: &apos;Windows 10&apos;, os.arch: &apos;amd64&apos;, os.version: &apos;10.0&apos;, java.version: &apos;1.8.0_131&apos;
Driver info: org.openqa.selenium.firefox.FirefoxDriver
Capabilities {acceptInsecureCerts: true, browserName: firefox, browserVersion: 61.0.1, javascriptEnabled: true, moz:accessibilityChecks: false, moz:headless: false, moz:processID: 11372, moz:profile: C:\Users\tejen\AppData\Loca..., moz:useNonSpecCompliantPointerOrigin: false, moz:webdriverClick: true, pageLoadStrategy: normal, platform: XP, platformName: XP, platformVersion: 10.0, rotatable: false, timeouts: {implicit: 0, pageLoad: 300000, script: 30000}}
Session ID: 13d5d0ed-75ef-442f-b7f4-8ab99d4e71a6" type="org.openqa.selenium.TimeoutException">org.openqa.selenium.TimeoutException: Timeout loading page after 20000ms
Build info: version: &apos;3.13.0&apos;, revision: &apos;2f0d292&apos;, time: &apos;2018-06-25T15:24:21.231Z&apos;
System info: host: &apos;DESKTOP-PI8DOF9&apos;, ip: &apos;192.168.10.92&apos;, os.name: &apos;Windows 10&apos;, os.arch: &apos;amd64&apos;, os.version: &apos;10.0&apos;, java.version: &apos;1.8.0_131&apos;
Driver info: org.openqa.selenium.firefox.FirefoxDriver
Capabilities {acceptInsecureCerts: true, browserName: firefox, browserVersion: 61.0.1, javascriptEnabled: true, moz:accessibilityChecks: false, moz:headless: false, moz:processID: 11372, moz:profile: C:\Users\tejen\AppData\Loca..., moz:useNonSpecCompliantPointerOrigin: false, moz:webdriverClick: true, pageLoadStrategy: normal, platform: XP, platformName: XP, platformVersion: 10.0, rotatable: false, timeouts: {implicit: 0, pageLoad: 300000, script: 30000}}
Session ID: 13d5d0ed-75ef-442f-b7f4-8ab99d4e71a6
	at sun.reflect.NativeConstructorAccessorImpl.newInstance0(Native Method)
	at sun.reflect.NativeConstructorAccessorImpl.newInstance(NativeConstructorAccessorImpl.java:62)
	at sun.reflect.DelegatingConstructorAccessorImpl.newInstance(DelegatingConstructorAccessorImpl.java:45)
	at java.lang.reflect.Constructor.newInstance(Constructor.java:423)
	at org.openqa.selenium.remote.http.W3CHttpResponseCodec.createException(W3CHttpResponseCodec.java:187)
	at org.openqa.selenium.remote.http.W3CHttpResponseCodec.decode(W3CHttpResponseCodec.java:122)
	at org.openqa.selenium.remote.http.W3CHttpResponseCodec.decode(W3CHttpResponseCodec.java:49)
	at org.openqa.selenium.remote.HttpCommandExecutor.execute(HttpCommandExecutor.java:158)
	at org.openqa.selenium.remote.service.DriverCommandExecutor.execute(DriverCommandExecutor.java:83)
	at org.openqa.selenium.remote.RemoteWebDriver.execute(RemoteWebDriver.java:548)
	at org.openqa.selenium.remote.RemoteWebDriver.get(RemoteWebDriver.java:276)
	at com.melorra.qa.base.TestBase.initialization(TestBase.java:54)
	at com.melorra.qa.tests.LoginPageTest.setUp(LoginPageTest.java:30)
</failure>
    <system-out>Configuring TestNG with: org.apache.maven.surefire.testng.conf.TestNG652Configurator@5c8da962
</system-out>
    <system-err>1531390127453	geckodriver	INFO	geckodriver 0.21.0
1531390127464	geckodriver	INFO	Listening on 127.0.0.1:18135
1531390128254	mozrunner::runner	INFO	Running command: &quot;C:\\Program Files (x86)\\Mozilla Firefox\\firefox.exe&quot; &quot;-marionette&quot; &quot;-foreground&quot; &quot;-no-remote&quot; &quot;-profile&quot; &quot;C:\\Users\\tejen\\AppData\\Local\\Temp\\rust_mozprofile.KrC7TmFPIk9M&quot;
Unable to read VR Path Registry from C:\Users\tejen\AppData\Local\openvr\openvrpaths.vrpath
Unable to read VR Path Registry from C:\Users\tejen\AppData\Local\openvr\openvrpaths.vrpath
Unable to read VR Path Registry from C:\Users\tejen\AppData\Local\openvr\openvrpaths.vrpath
Unable to read VR Path Registry from C:\Users\tejen\AppData\Local\openvr\openvrpaths.vrpath
Unable to read VR Path Registry from C:\Users\tejen\AppData\Local\openvr\openvrpaths.vrpath
1531390131695	Marionette	INFO	Listening on port 56050
1531390132245	Marionette	WARN	TLS certificate errors will be ignored for this session
Jul 12, 2018 3:38:53 PM org.openqa.selenium.remote.ProtocolHandshake createSession
INFO: Detected dialect: W3C
JavaScript warning: https://cdn.freshmarketer.com/110978/196163.js, line 3: unreachable code after return statement
JavaScript error: https://res.cloudinary.com/melorra-cloud/raw/upload/pp-melorra/js/analytics.js, line 1: SyntaxError: invalid escape sequence
</system-err>
  </testcase>
  <testcase classname="com.melorra.qa.tests.LoginPageTest" name="homePageTitleTest" time="0">
    <skipped/>
  </testcase>
  <testcase classname="com.melorra.qa.tests.LoginPageTest" name="tearDown" time="0">
    <skipped/>
  </testcase>
  <testcase classname="com.melorra.qa.tests.SignupPageTest" name="validSignUpTest" time="12.226"/>
  <testcase classname="com.melorra.qa.tests.LoginPageTest" name="setUp" time="12.227">
    <skipped/>
  </testcase>
  <testcase classname="com.melorra.qa.tests.LoginPageTest" name="validloginTest" time="0">
    <skipped/>
  </testcase>
  <testcase classname="com.melorra.qa.tests.LoginPageTest" name="tearDown" time="0">
    <skipped/>
  </testcase>
</testsuite>